<?xml version="1.0" encoding="UTF-8"?>
<!-- Generated by org.testng.reporters.JUnitReportReporter -->
<testsuite hostname="RAHUL" failures="0" tests="6" name="TestClasses.loginTest" time="60.691" errors="0" timestamp="2024-08-27T19:04:42 IST" skipped="0">
  <testcase classname="TestClasses.loginTest" name="TClogoImageFlipkartIsDisplayed" time="12.983"/>
  <testcase classname="TestClasses.loginTest" name="TClogoTextPlus" time="9.196"/>
  <testcase classname="TestClasses.loginTest" name="TClogoImageFlipkartWidth" time="10.746"/>
  <testcase classname="TestClasses.loginTest" name="TClogoImagePlusIsDispalyed" time="9.426"/>
  <testcase classname="TestClasses.loginTest" name="TCMOfferZone" time="8.900"/>
  <testcase classname="TestClasses.loginTest" name="TClogoImagePlusWidth" time="9.440"/>
</testsuite> <!-- TestClasses.loginTest -->
