<?xml version="1.0" encoding="UTF-8"?>
<!-- Generated by org.testng.reporters.JUnitReportReporter -->
<testsuite hostname="RAHUL" failures="0" tests="1" name="TestClasses.Demo" time="4.267" errors="0" timestamp="2024-08-26T22:44:21 IST" skipped="0">
  <testcase classname="TestClasses.Demo" name="demo1" time="4.267"/>
</testsuite> <!-- TestClasses.Demo -->
